<?xml version="1.0" encoding="UTF-8"?>
<!-- Generated by org.testng.reporters.JUnitXMLReporter -->
<testsuite hostname="devi-PC" ignored="0" name="MedScapeTest Test Cases" tests="3" failures="1" timestamp="25 Apr 2020 19:46:08 GMT" time="80.289" errors="0">
  <testcase name="@AfterMethod TesrDown" time="4.575" classname="com.crm.qa.TestCases.HomePageTest">
    <failure type="java.lang.NullPointerException">
      <![CDATA[java.lang.NullPointerException
at com.crm.qa.util.TestUtil.takeScreenshotAtEndOfTest(TestUtil.java:16)
at com.crm.qa.util.WebEventListener.onException(WebEventListener.java:58)
at org.openqa.selenium.support.events.EventFiringWebDriver.lambda$new$0(EventFiringWebDriver.java:84)
at com.sun.proxy.$Proxy10.onException(Unknown Source)
at org.openqa.selenium.support.events.EventFiringWebDriver.lambda$new$1(EventFiringWebDriver.java:107)
at com.sun.proxy.$Proxy11.quit(Unknown Source)
at org.openqa.selenium.support.events.EventFiringWebDriver.quit(EventFiringWebDriver.java:211)
at com.crm.qa.TestCases.HomePageTest.TesrDown(HomePageTest.java:47)
... Removed 32 stack frames]]>
    </failure>
  </testcase> <!-- @AfterMethod TesrDown -->
  <testcase name="@BeforeMethod SetUp" time="0.0" classname="com.crm.qa.TestCases.HomePageTest">
    <skipped/>
  </testcase> <!-- @BeforeMethod SetUp -->
  <testcase name="@AfterMethod TesrDown" time="0.0" classname="com.crm.qa.TestCases.HomePageTest">
    <skipped/>
  </testcase> <!-- @AfterMethod TesrDown -->
  <testcase name="@BeforeMethod SetUp" time="0.0" classname="com.crm.qa.TestCases.HomePageTest">
    <skipped/>
  </testcase> <!-- @BeforeMethod SetUp -->
  <testcase name="@AfterMethod TesrDown" time="0.0" classname="com.crm.qa.TestCases.HomePageTest">
    <skipped/>
  </testcase> <!-- @AfterMethod TesrDown -->
  <testcase name="VerifyHomePageTitleTest" time="10.801" classname="com.crm.qa.TestCases.HomePageTest">
    <failure type="java.lang.AssertionError" message="expected [Medscape Log In] but found []">
      <![CDATA[java.lang.AssertionError: expected [Medscape Log In] but found []
at com.crm.qa.TestCases.HomePageTest.VerifyHomePageTitleTest(HomePageTest.java:31)
... Removed 31 stack frames]]>
    </failure>
  </testcase> <!-- VerifyHomePageTitleTest -->
  <testcase name="novalCoranaPage" time="0.0" classname="com.crm.qa.TestCases.HomePageTest">
    <skipped/>
  </testcase> <!-- novalCoranaPage -->
  <testcase name="residencypage" time="0.0" classname="com.crm.qa.TestCases.HomePageTest">
    <skipped/>
  </testcase> <!-- residencypage -->
</testsuite> <!-- MedScapeTest Test Cases -->
